{
  "RSpec": {
    "coverage": {
      "/Users/stevenmagelowitz/rails_projects/popular_gems/app/models/merit/badge_rules.rb": [
        null,
        null,
        null,
        null,
        null,
        null,
        null,
        null,
        null,
        null,
        null,
        null,
        null,
        null,
        null,
        null,
        null,
        null,
        1,
        1,
        1,
        null,
        1,
        null,
        null,
        null,
        null,
        null,
        null,
        null,
        null,
        null,
        null,
        null,
        null,
        null,
        null,
        null,
        null,
        null,
        null,
        null,
        null,
        null,
        null,
        null,
        null,
        null
      ],
      "/Users/stevenmagelowitz/rails_projects/popular_gems/app/models/merit/point_rules.rb": [
        null,
        null,
        null,
        null,
        null,
        null,
        null,
        null,
        null,
        null,
        1,
        1,
        1,
        null,
        1,
        null,
        null,
        null,
        null,
        null,
        null,
        null,
        null,
        null
      ],
      "/Users/stevenmagelowitz/rails_projects/popular_gems/app/helpers/application_helper.rb": [
        1,
        null
      ],
      "/Users/stevenmagelowitz/rails_projects/popular_gems/app/helpers/sessions_helper.rb": [
        1,
        null
      ],
      "/Users/stevenmagelowitz/rails_projects/popular_gems/app/models/updated_stat.rb": [
        1,
        1,
        1,
        1,
        3,
        null,
        1,
        null,
        null
      ]
    },
    "timestamp": 1405619648
  }
}
