{
  "RSpec": {
    "coverage": {
      "/Users/stevenmagelowitz/rails_projects/popular_gems/app/models/merit/badge_rules.rb": [
        null,
        null,
        null,
        null,
        null,
        null,
        null,
        null,
        null,
        null,
        null,
        null,
        null,
        null,
        null,
        null,
        null,
        null,
        1,
        1,
        1,
        null,
        1,
        null,
        null,
        null,
        null,
        null,
        null,
        null,
        null,
        null,
        null,
        null,
        null,
        null,
        null,
        null,
        null,
        null,
        null,
        null,
        null,
        null,
        null,
        null,
        null,
        null
      ],
      "/Users/stevenmagelowitz/rails_projects/popular_gems/app/models/merit/point_rules.rb": [
        null,
        null,
        null,
        null,
        null,
        null,
        null,
        null,
        null,
        null,
        1,
        1,
        1,
        null,
        1,
        null,
        null,
        null,
        null,
        null,
        null,
        null,
        null,
        null
      ],
      "/Users/stevenmagelowitz/rails_projects/popular_gems/app/helpers/application_helper.rb": [
        1,
        null
      ],
      "/Users/stevenmagelowitz/rails_projects/popular_gems/app/helpers/sessions_helper.rb": [
        1,
        null
      ],
      "/Users/stevenmagelowitz/rails_projects/popular_gems/app/controllers/application_controller.rb": [
        1,
        null,
        null,
        1,
        1,
        1,
        null,
        1,
        5,
        null,
        null,
        1,
        0,
        null,
        null,
        1,
        82,
        null,
        null,
        1,
        170,
        null,
        null,
        1,
        170,
        null,
        null,
        1,
        29,
        29,
        null,
        null,
        1,
        23,
        null,
        null
      ],
      "/Users/stevenmagelowitz/rails_projects/popular_gems/app/models/gem_importer.rb": [
        1,
        1,
        1,
        3,
        3,
        3,
        1,
        null,
        2,
        0,
        null,
        2,
        2,
        2,
        null,
        null,
        null,
        null,
        null,
        1,
        1,
        1,
        0,
        null,
        1,
        1,
        null,
        null,
        null,
        1,
        null,
        1,
        3,
        3,
        3,
        3,
        3,
        3,
        null,
        null,
        null,
        null,
        null,
        null,
        null,
        null,
        null,
        null,
        null,
        0,
        null,
        null,
        null,
        null,
        null,
        null,
        null,
        3,
        3,
        null,
        null,
        null
      ],
      "/Users/stevenmagelowitz/rails_projects/popular_gems/app/models/github_info.rb": [
        1,
        null,
        1,
        1,
        1,
        4,
        4,
        4,
        4,
        4,
        4,
        0,
        null,
        2,
        null,
        2,
        null,
        4,
        null,
        null,
        1,
        null,
        1,
        4,
        4,
        4,
        4,
        4,
        4,
        4,
        4,
        null,
        null,
        null,
        null,
        null,
        null,
        4,
        null,
        null,
        null
      ],
      "/Users/stevenmagelowitz/rails_projects/popular_gems/app/models/popular_gem.rb": [
        1,
        1,
        1,
        1,
        1,
        1,
        1,
        null,
        1,
        1,
        1,
        1,
        1,
        1,
        1,
        1,
        null,
        null,
        null,
        1,
        null,
        1,
        0,
        null,
        null,
        null,
        null,
        null,
        null,
        null,
        null,
        null,
        null,
        null,
        null,
        null,
        null,
        null,
        null,
        null,
        null,
        null,
        null,
        null,
        null,
        null,
        null,
        null,
        null,
        null,
        null,
        null,
        null,
        null,
        null,
        1,
        1,
        null,
        null,
        1,
        7,
        null,
        null,
        1,
        0,
        null,
        null,
        1,
        29,
        null,
        null,
        1,
        11,
        null,
        null,
        null,
        null,
        1,
        null,
        3,
        3,
        6,
        3,
        3,
        0,
        null,
        0,
        null,
        2,
        null,
        0,
        null,
        null,
        3,
        null,
        null,
        1,
        12,
        12,
        null,
        0,
        null,
        null,
        null,
        1,
        null,
        1,
        3,
        null,
        0,
        null,
        0,
        null,
        0,
        null,
        1,
        null,
        0,
        null,
        0,
        null,
        0,
        null,
        2,
        null,
        3,
        null,
        null,
        1,
        3,
        null,
        0,
        null,
        0,
        null,
        0,
        null,
        0,
        null,
        0,
        null,
        3,
        null,
        3,
        null,
        null,
        1,
        3,
        null,
        0,
        null,
        0,
        null,
        1,
        null,
        0,
        null,
        0,
        null,
        2,
        null,
        3,
        null,
        null,
        null
      ],
      "/Users/stevenmagelowitz/rails_projects/popular_gems/app/models/user.rb": [
        1,
        1,
        1,
        1,
        1,
        null,
        1,
        3,
        3,
        3,
        3,
        null,
        null,
        null
      ],
      "/Users/stevenmagelowitz/rails_projects/popular_gems/app/controllers/popular_gems_controller.rb": [
        1,
        1,
        11,
        11,
        null,
        null,
        null,
        null,
        null,
        null,
        null,
        1,
        2,
        2,
        null,
        null,
        null,
        null,
        null,
        null,
        null,
        1,
        0,
        0,
        0,
        null,
        0,
        0,
        null,
        null,
        1,
        0,
        0,
        null,
        null,
        null,
        null,
        null,
        null,
        null,
        1,
        0,
        0,
        null,
        null,
        null,
        null,
        null,
        null,
        null,
        1,
        7,
        7,
        null,
        null,
        null,
        null,
        null,
        null,
        null,
        1,
        3,
        null,
        3,
        3,
        1,
        1,
        null,
        2,
        2,
        null,
        null,
        null,
        3,
        null,
        null,
        1,
        0,
        0,
        0,
        null,
        null,
        null,
        null,
        null,
        null,
        null,
        1,
        1,
        0,
        null,
        null
      ],
      "/Users/stevenmagelowitz/rails_projects/popular_gems/app/controllers/sessions_controller.rb": [
        1,
        1,
        3,
        3,
        3,
        3,
        null,
        null,
        1,
        0,
        0,
        null,
        null,
        null
      ],
      "/Users/stevenmagelowitz/rails_projects/popular_gems/app/controllers/user_controller.rb": [
        1,
        1,
        3,
        3,
        3,
        null,
        null,
        null,
        null,
        null,
        null,
        null
      ]
    },
    "timestamp": 1405370996
  }
}
